This is pdfTeX, Version 3.14159265-2.6-1.40.21 (MiKTeX 20.7) (preloaded format=pdflatex 2020.8.27)  29 AUG 2020 11:03
entering extended mode
**"d:/Yan/PHD PROGRAM/Class/Fall 2020/Try_LaTex/Basic Latex_Indian Group/notes_for_indian_group.tex"
("d:/Yan/PHD PROGRAM/Class/Fall 2020/Try_LaTex/Basic Latex_Indian Group/notes_for_indian_group.tex"
LaTeX2e <2020-02-02> patch level 5
L3 programming layer <2020-08-07> (D:\Latex\tex/latex/base\article.cls
Document Class: article 2019/12/20 v1.4l Standard LaTeX document class
(D:\Latex\tex/latex/base\size12.clo
File: size12.clo 2019/12/20 v1.4l Standard LaTeX file (size option)
)
\c@part=\count168
\c@section=\count169
\c@subsection=\count170
\c@subsubsection=\count171
\c@paragraph=\count172
\c@subparagraph=\count173
\c@figure=\count174
\c@table=\count175
\abovecaptionskip=\skip47
\belowcaptionskip=\skip48
\bibindent=\dimen134
) (D:\Latex\tex/latex/amsmath\amsmath.sty
Package: amsmath 2020/01/20 v2.17e AMS math features
\@mathmargin=\skip49

For additional information on amsmath, use the `?' option.
(D:\Latex\tex/latex/amsmath\amstext.sty
Package: amstext 2000/06/29 v2.01 AMS text
 (D:\Latex\tex/latex/amsmath\amsgen.sty
File: amsgen.sty 1999/11/30 v2.0 generic functions
\@emptytoks=\toks15
\ex@=\dimen135
)) (D:\Latex\tex/latex/amsmath\amsbsy.sty
Package: amsbsy 1999/11/29 v1.2d Bold Symbols
\pmbraise@=\dimen136
) (D:\Latex\tex/latex/amsmath\amsopn.sty
Package: amsopn 2016/03/08 v2.02 operator names
)
\inf@bad=\count176
LaTeX Info: Redefining \frac on input line 227.
\uproot@=\count177
\leftroot@=\count178
LaTeX Info: Redefining \overline on input line 389.
\classnum@=\count179
\DOTSCASE@=\count180
LaTeX Info: Redefining \ldots on input line 486.
LaTeX Info: Redefining \dots on input line 489.
LaTeX Info: Redefining \cdots on input line 610.
\Mathstrutbox@=\box45
\strutbox@=\box46
\big@size=\dimen137
LaTeX Font Info:    Redeclaring font encoding OML on input line 733.
LaTeX Font Info:    Redeclaring font encoding OMS on input line 734.
\macc@depth=\count181
\c@MaxMatrixCols=\count182
\dotsspace@=\muskip16
\c@parentequation=\count183
\dspbrk@lvl=\count184
\tag@help=\toks16
\row@=\count185
\column@=\count186
\maxfields@=\count187
\andhelp@=\toks17
\eqnshift@=\dimen138
\alignsep@=\dimen139
\tagshift@=\dimen140
\tagwidth@=\dimen141
\totwidth@=\dimen142
\lineht@=\dimen143
\@envbody=\toks18
\multlinegap=\skip50
\multlinetaggap=\skip51
\mathdisplay@stack=\toks19
LaTeX Info: Redefining \[ on input line 2859.
LaTeX Info: Redefining \] on input line 2860.
) (D:\Latex\tex/latex/tools\indentfirst.sty
Package: indentfirst 1995/11/23 v1.03 Indent first paragraph (DPC)
) (D:\Latex\tex/latex/l3backend\l3backend-pdfmode.def
File: l3backend-pdfmode.def 2020-08-07 L3 backend support: PDF mode
\l__kernel_color_stack_int=\count188
\l__pdf_internal_box=\box47
) ("d:/Yan\PHD PROGRAM\Class\Fall 2020\Try_LaTex\Basic Latex_Indian Group\notes_for_indian_group.aux")
\openout1 = `notes_for_indian_group.aux'.

LaTeX Font Info:    Checking defaults for OML/cmm/m/it on input line 16.
LaTeX Font Info:    ... okay on input line 16.
LaTeX Font Info:    Checking defaults for OMS/cmsy/m/n on input line 16.
LaTeX Font Info:    ... okay on input line 16.
LaTeX Font Info:    Checking defaults for OT1/cmr/m/n on input line 16.
LaTeX Font Info:    ... okay on input line 16.
LaTeX Font Info:    Checking defaults for T1/cmr/m/n on input line 16.
LaTeX Font Info:    ... okay on input line 16.
LaTeX Font Info:    Checking defaults for TS1/cmr/m/n on input line 16.
LaTeX Font Info:    ... okay on input line 16.
LaTeX Font Info:    Checking defaults for OMX/cmex/m/n on input line 16.
LaTeX Font Info:    ... okay on input line 16.
LaTeX Font Info:    Checking defaults for U/cmr/m/n on input line 16.
LaTeX Font Info:    ... okay on input line 16.
 [1

{C:/Users/13701/AppData/Local/MiKTeX/pdftex/config/pdftex.map}]
Underfull \hbox (badness 10000) in paragraph at lines 27--30

 []

LaTeX Font Info:    Trying to load font information for OMS+cmr on input line 46.
(D:\Latex\tex/latex/base\omscmr.fd
File: omscmr.fd 2019/12/16 v2.5j Standard LaTeX font definitions
)
LaTeX Font Info:    Font shape `OMS/cmr/m/n' in size <12> not available
(Font)              Font shape `OMS/cmsy/m/n' tried instead on input line 46.
 [2] [3] ("d:/Yan\PHD PROGRAM\Class\Fall 2020\Try_LaTex\Basic Latex_Indian Group\notes_for_indian_group.aux") ) 
Here is how much of TeX's memory you used:
 1038 strings out of 481212
 14468 string characters out of 2922749
 252287 words of memory out of 3000000
 16678 multiletter control sequences out of 15000+200000
 539210 words of font info for 43 fonts, out of 3000000 for 9000
 1141 hyphenation exceptions out of 8191
 35i,6n,33p,290b,187s stack positions out of 5000i,500n,10000p,200000b,50000s
{D:/Latex/fonts/enc/dvips/cm-super/cm-super-ts1.enc}<D:/Latex/fonts/type1/public/amsfonts/cm/cmbx12.pfb><D:/Latex/fonts/type1/public/amsfonts/cm/cmr12.pfb><D:/Latex/fonts/type1/public/amsfonts/cm/cmr17.pfb><D:/Latex/fonts/type1/public/amsfonts/cm/cmsy10.pfb><D:/Latex/fonts/type1/public/amsfonts/cm/cmti12.pfb><D:/Latex/fonts/type1/public/cm-super/sfrm1200.pfb>
Output written on "d:/Yan\PHD PROGRAM\Class\Fall 2020\Try_LaTex\Basic Latex_Indian Group\notes_for_indian_group.pdf" (3 pages, 67951 bytes).
PDF statistics:
 37 PDF objects out of 1000 (max. 8388607)
 0 named destinations out of 1000 (max. 500000)
 1 words of extra memory for PDF output out of 10000 (max. 10000000)

