This is pdfTeX, Version 3.14159265-2.6-1.40.21 (MiKTeX 20.7) (preloaded format=pdflatex 2020.8.27)  29 AUG 2020 02:44
entering extended mode
**"d:/Yan/PHD PROGRAM/Class/Fall 2020/Try_LaTex/L1_Basic setup/LaTex_Basic_setup.tex"
("d:/Yan/PHD PROGRAM/Class/Fall 2020/Try_LaTex/L1_Basic setup/LaTex_Basic_setup.tex"
LaTeX2e <2020-02-02> patch level 5
L3 programming layer <2020-08-07> (D:\Latex\tex/latex/base\article.cls
Document Class: article 2019/12/20 v1.4l Standard LaTeX document class
(D:\Latex\tex/latex/base\size10.clo
File: size10.clo 2019/12/20 v1.4l Standard LaTeX file (size option)
)
\c@part=\count168
\c@section=\count169
\c@subsection=\count170
\c@subsubsection=\count171
\c@paragraph=\count172
\c@subparagraph=\count173
\c@figure=\count174
\c@table=\count175
\abovecaptionskip=\skip47
\belowcaptionskip=\skip48
\bibindent=\dimen134
) (D:\Latex\tex/latex/amsmath\amsmath.sty
Package: amsmath 2020/01/20 v2.17e AMS math features
\@mathmargin=\skip49

For additional information on amsmath, use the `?' option.
(D:\Latex\tex/latex/amsmath\amstext.sty
Package: amstext 2000/06/29 v2.01 AMS text
 (D:\Latex\tex/latex/amsmath\amsgen.sty
File: amsgen.sty 1999/11/30 v2.0 generic functions
\@emptytoks=\toks15
\ex@=\dimen135
)) (D:\Latex\tex/latex/amsmath\amsbsy.sty
Package: amsbsy 1999/11/29 v1.2d Bold Symbols
\pmbraise@=\dimen136
) (D:\Latex\tex/latex/amsmath\amsopn.sty
Package: amsopn 2016/03/08 v2.02 operator names
)
\inf@bad=\count176
LaTeX Info: Redefining \frac on input line 227.
\uproot@=\count177
\leftroot@=\count178
LaTeX Info: Redefining \overline on input line 389.
\classnum@=\count179
\DOTSCASE@=\count180
LaTeX Info: Redefining \ldots on input line 486.
LaTeX Info: Redefining \dots on input line 489.
LaTeX Info: Redefining \cdots on input line 610.
\Mathstrutbox@=\box45
\strutbox@=\box46
\big@size=\dimen137
LaTeX Font Info:    Redeclaring font encoding OML on input line 733.
LaTeX Font Info:    Redeclaring font encoding OMS on input line 734.
\macc@depth=\count181
\c@MaxMatrixCols=\count182
\dotsspace@=\muskip16
\c@parentequation=\count183
\dspbrk@lvl=\count184
\tag@help=\toks16
\row@=\count185
\column@=\count186
\maxfields@=\count187
\andhelp@=\toks17
\eqnshift@=\dimen138
\alignsep@=\dimen139
\tagshift@=\dimen140
\tagwidth@=\dimen141
\totwidth@=\dimen142
\lineht@=\dimen143
\@envbody=\toks18
\multlinegap=\skip50
\multlinetaggap=\skip51
\mathdisplay@stack=\toks19
LaTeX Info: Redefining \[ on input line 2859.
LaTeX Info: Redefining \] on input line 2860.
) (D:\Latex\tex/latex/ctex\ctex.sty (D:\Latex\tex/latex/l3kernel\expl3.sty
Package: expl3 2020-08-07 L3 programming layer (loader) 
 (D:\Latex\tex/latex/l3backend\l3backend-pdfmode.def
File: l3backend-pdfmode.def 2020-08-07 L3 backend support: PDF mode
\l__kernel_color_stack_int=\count188
\l__pdf_internal_box=\box47
))
Package: ctex 2020/06/06 v2.5.3 Chinese adapter in LaTeX (CTEX)
 (D:\Latex\tex/latex/l3packages/xparse\xparse.sty
Package: xparse 2020-05-15 L3 Experimental document command parser
 (D:\Latex\tex/latex/l3packages/xparse\xparse-generic.tex
\l__xparse_current_arg_int=\count189
\g__xparse_grabber_int=\count190
\l__xparse_m_args_int=\count191
\l__xparse_v_nesting_int=\count192
)) (D:\Latex\tex/latex/l3packages/l3keys2e\l3keys2e.sty
Package: l3keys2e 2020-05-15 LaTeX2e option processing using LaTeX3 keys
) (D:\Latex\tex/latex/ctex\ctexhook.sty
Package: ctexhook 2020/06/06 v2.5.3 Document and package hooks (CTEX)
) (D:\Latex\tex/latex/ctex\ctexpatch.sty
Package: ctexpatch 2020/06/06 v2.5.3 Patching commands (CTEX)
) (D:\Latex\tex/latex/base\fix-cm.sty
Package: fix-cm 2015/01/14 v1.1t fixes to LaTeX
 (D:\Latex\tex/latex/base\ts1enc.def
File: ts1enc.def 2001/06/05 v3.0e (jk/car/fm) Standard LaTeX file
LaTeX Font Info:    Redeclaring font encoding TS1 on input line 47.
)) (D:\Latex\tex/latex/ms\everysel.sty
Package: everysel 2011/10/28 v1.2 EverySelectfont Package (MS)
)
\l__ctex_tmp_int=\count193
\l__ctex_tmp_box=\box48
\l__ctex_tmp_dim=\dimen144
\g__ctex_section_depth_int=\count194
\g__ctex_font_size_int=\count195
 (D:\Latex\tex/latex/ctex/config\ctexopts.cfg
File: ctexopts.cfg 2020/06/06 v2.5.3 Option configuration file (CTEX)
)

Package ctex Warning: UTF8 will be used as the default encoding.

(D:\Latex\tex/latex/ctex/engine\ctex-engine-pdftex.def
File: ctex-engine-pdftex.def 2020/06/06 v2.5.3 (pdf)LaTeX adapter (CTEX)
 (D:\Latex\tex/latex/cjk\CJKutf8.sty
Package: CJKutf8 2015/04/18 4.8.4
 (D:\Latex\tex/generic/iftex\ifpdf.sty
Package: ifpdf 2019/10/25 v3.4 ifpdf legacy package. Use iftex instead.
 (D:\Latex\tex/generic/iftex\iftex.sty
Package: iftex 2020/03/06 v1.0d TeX engine tests
)) (D:\Latex\tex/latex/base\inputenc.sty
Package: inputenc 2018/08/11 v1.3c Input encoding file
\inpenc@prehook=\toks20
\inpenc@posthook=\toks21
) (D:\Latex\tex/latex/cjk\CJK.sty
Package: CJK 2015/04/18 4.8.4
 (D:\Latex\tex/latex/cjk/mule\MULEenc.sty
Package: MULEenc 2015/04/18 4.8.4
) (D:\Latex\tex/latex/cjk\CJK.enc
File: CJK.enc 2015/04/18 4.8.4
Now handling font encoding C00 ...
... no UTF-8 mapping file for font encoding C00
Now handling font encoding C05 ...
... no UTF-8 mapping file for font encoding C05
Now handling font encoding C09 ...
... no UTF-8 mapping file for font encoding C09
Now handling font encoding C10 ...
... no UTF-8 mapping file for font encoding C10
Now handling font encoding C20 ...
... no UTF-8 mapping file for font encoding C20
Now handling font encoding C19 ...
... no UTF-8 mapping file for font encoding C19
Now handling font encoding C40 ...
... no UTF-8 mapping file for font encoding C40
Now handling font encoding C42 ...
... no UTF-8 mapping file for font encoding C42
Now handling font encoding C43 ...
... no UTF-8 mapping file for font encoding C43
Now handling font encoding C50 ...
... no UTF-8 mapping file for font encoding C50
Now handling font encoding C52 ...
... no UTF-8 mapping file for font encoding C52
Now handling font encoding C49 ...
... no UTF-8 mapping file for font encoding C49
Now handling font encoding C60 ...
... no UTF-8 mapping file for font encoding C60
Now handling font encoding C61 ...
... no UTF-8 mapping file for font encoding C61
Now handling font encoding C63 ...
... no UTF-8 mapping file for font encoding C63
Now handling font encoding C64 ...
... no UTF-8 mapping file for font encoding C64
Now handling font encoding C65 ...
... no UTF-8 mapping file for font encoding C65
Now handling font encoding C70 ...
... no UTF-8 mapping file for font encoding C70
Now handling font encoding C31 ...
... no UTF-8 mapping file for font encoding C31
Now handling font encoding C32 ...
... no UTF-8 mapping file for font encoding C32
Now handling font encoding C33 ...
... no UTF-8 mapping file for font encoding C33
Now handling font encoding C34 ...
... no UTF-8 mapping file for font encoding C34
Now handling font encoding C35 ...
... no UTF-8 mapping file for font encoding C35
Now handling font encoding C36 ...
... no UTF-8 mapping file for font encoding C36
Now handling font encoding C37 ...
... no UTF-8 mapping file for font encoding C37
Now handling font encoding C80 ...
... no UTF-8 mapping file for font encoding C80
Now handling font encoding C81 ...
... no UTF-8 mapping file for font encoding C81
Now handling font encoding C01 ...
... no UTF-8 mapping file for font encoding C01
Now handling font encoding C11 ...
... no UTF-8 mapping file for font encoding C11
Now handling font encoding C21 ...
... no UTF-8 mapping file for font encoding C21
Now handling font encoding C41 ...
... no UTF-8 mapping file for font encoding C41
Now handling font encoding C62 ...
... no UTF-8 mapping file for font encoding C62
)
LaTeX Info: Redefining \selectfont on input line 755.
\CJK@indent=\box49
) (D:\Latex\tex/latex/base\fontenc.sty
Package: fontenc 2020/02/11 v2.0o Standard LaTeX package
)) (D:\Latex\tex/latex/cjkpunct\CJKpunct.sty
Package: CJKpunct 2016/05/14 4.8.4
\CJKpunct@cnta=\count196
\CJKpunct@cntb=\count197
\CJKpunct@cntc=\count198
\CJKpunct@cntd=\count199
\CJKpunct@cnte=\count266
   defining Unicode char U+2018 (decimal 8216)
   defining Unicode char U+2019 (decimal 8217)
   defining Unicode char U+201C (decimal 8220)
   defining Unicode char U+201D (decimal 8221)
   defining Unicode char U+2014 (decimal 8212)
   defining Unicode char U+2026 (decimal 8230)
 (D:\Latex\tex/latex/cjkpunct\CJKpunct.spa)) (D:\Latex\tex/latex/cjk\CJKspace.sty
Package: CJKspace 2015/04/18 3.8.0
) (D:\Latex\tex/latex/ctex\ctexspa.def
File: ctexspa.def 2020/06/06 v2.5.3 Space info for CJKpunct (CTEX)
)
\ccwd=\dimen145
\l__ctex_ccglue_skip=\skip52
)
\l__ctex_ziju_dim=\dimen146
 (D:\Latex\tex/latex/zhnumber\zhnumber.sty
Package: zhnumber 2020/05/01 v2.8 Typesetting numbers with Chinese glyphs
\l__zhnum_scale_int=\count267
\l__zhnum_byte_min_int=\count268
\l__zhnum_byte_max_int=\count269
 (D:\Latex\tex/latex/zhnumber\zhnumber-utf8.cfg
File: zhnumber-utf8.cfg 2020/05/01 v2.8 Chinese numerals with UTF8 encoding
)) (D:\Latex\tex/latex/ctex/scheme\ctex-scheme-chinese.def
File: ctex-scheme-chinese.def 2020/06/06 v2.5.3 Chinese scheme for generic (CTEX)
 (D:\Latex\tex/latex/ctex/config\ctex-name-utf8.cfg
File: ctex-name-utf8.cfg 2020/06/06 v2.5.3 Caption with encoding UTF-8 (CTEX)
)) (D:\Latex\tex/latex/tools\indentfirst.sty
Package: indentfirst 1995/11/23 v1.03 Indent first paragraph (DPC)
) (D:\Latex\tex/latex/ctex\ctex-c5size.clo
File: ctex-c5size.clo 2020/06/06 v2.5.3 c5size option (CTEX)
) (D:\Latex\tex/latex/ctex/fontset\ctex-fontset-windows.def
File: ctex-fontset-windows.def 2020/06/06 v2.5.3 Windows fonts definition (CTEX)
)) (D:\Latex\tex/latex/ctex/config\ctex.cfg
File: ctex.cfg 2020/06/06 v2.5.3 Configuration file (CTEX)
) (D:\Latex\tex/latex/cjk/UTF8\UTF8.bdg
File: UTF8.bdg 2015/04/18 4.8.4
) (D:\Latex\tex/latex/cjk/UTF8\UTF8.enc
File: UTF8.enc 2015/04/18 4.8.4
) (D:\Latex\tex/latex/cjk/UTF8\UTF8.chr
File: UTF8.chr 2015/04/18 4.8.4
) ("d:/Yan\PHD PROGRAM\Class\Fall 2020\Try_LaTex\L1_Basic setup\LaTex_Basic_setup.aux")
\openout1 = `LaTex_Basic_setup.aux'.

LaTeX Font Info:    Checking defaults for OML/cmm/m/it on input line 24.
LaTeX Font Info:    ... okay on input line 24.
LaTeX Font Info:    Checking defaults for OMS/cmsy/m/n on input line 24.
LaTeX Font Info:    ... okay on input line 24.
LaTeX Font Info:    Checking defaults for OT1/cmr/m/n on input line 24.
LaTeX Font Info:    ... okay on input line 24.
LaTeX Font Info:    Checking defaults for T1/cmr/m/n on input line 24.
LaTeX Font Info:    ... okay on input line 24.
LaTeX Font Info:    Checking defaults for TS1/cmr/m/n on input line 24.
LaTeX Font Info:    ... okay on input line 24.
LaTeX Font Info:    Checking defaults for OMX/cmex/m/n on input line 24.
LaTeX Font Info:    ... okay on input line 24.
LaTeX Font Info:    Checking defaults for U/cmr/m/n on input line 24.
LaTeX Font Info:    ... okay on input line 24.
LaTeX Font Info:    Checking defaults for C00/song/m/n on input line 24.
LaTeX Font Info:    ... okay on input line 24.
LaTeX Font Info:    Checking defaults for C05/song/m/n on input line 24.
LaTeX Font Info:    ... okay on input line 24.
LaTeX Font Info:    Checking defaults for C09/song/m/n on input line 24.
LaTeX Font Info:    ... okay on input line 24.
LaTeX Font Info:    Checking defaults for C10/song/m/n on input line 24.
LaTeX Font Info:    ... okay on input line 24.
LaTeX Font Info:    Checking defaults for C20/song/m/n on input line 24.
LaTeX Font Info:    ... okay on input line 24.
LaTeX Font Info:    Checking defaults for C19/song/m/n on input line 24.
LaTeX Font Info:    ... okay on input line 24.
LaTeX Font Info:    Checking defaults for C40/song/m/n on input line 24.
LaTeX Font Info:    ... okay on input line 24.
LaTeX Font Info:    Checking defaults for C42/song/m/n on input line 24.
LaTeX Font Info:    ... okay on input line 24.
LaTeX Font Info:    Checking defaults for C43/song/m/n on input line 24.
LaTeX Font Info:    ... okay on input line 24.
LaTeX Font Info:    Checking defaults for C50/song/m/n on input line 24.
LaTeX Font Info:    ... okay on input line 24.
LaTeX Font Info:    Checking defaults for C52/song/m/n on input line 24.
LaTeX Font Info:    ... okay on input line 24.
LaTeX Font Info:    Checking defaults for C49/song/m/n on input line 24.
LaTeX Font Info:    ... okay on input line 24.
LaTeX Font Info:    Checking defaults for C60/mj/m/n on input line 24.
LaTeX Font Info:    ... okay on input line 24.
LaTeX Font Info:    Checking defaults for C61/mj/m/n on input line 24.
LaTeX Font Info:    ... okay on input line 24.
LaTeX Font Info:    Checking defaults for C63/mj/m/n on input line 24.
LaTeX Font Info:    ... okay on input line 24.
LaTeX Font Info:    Checking defaults for C64/mj/m/n on input line 24.
LaTeX Font Info:    ... okay on input line 24.
LaTeX Font Info:    Checking defaults for C65/mj/m/n on input line 24.
LaTeX Font Info:    ... okay on input line 24.
LaTeX Font Info:    Checking defaults for C70/song/m/n on input line 24.
LaTeX Font Info:    ... okay on input line 24.
LaTeX Font Info:    Checking defaults for C31/song/m/n on input line 24.
LaTeX Font Info:    ... okay on input line 24.
LaTeX Font Info:    Checking defaults for C32/song/m/n on input line 24.
LaTeX Font Info:    ... okay on input line 24.
LaTeX Font Info:    Checking defaults for C33/song/m/n on input line 24.
LaTeX Font Info:    ... okay on input line 24.
LaTeX Font Info:    Checking defaults for C34/song/m/n on input line 24.
LaTeX Font Info:    ... okay on input line 24.
LaTeX Font Info:    Checking defaults for C35/song/m/n on input line 24.
LaTeX Font Info:    ... okay on input line 24.
LaTeX Font Info:    Checking defaults for C36/song/m/n on input line 24.
LaTeX Font Info:    ... okay on input line 24.
LaTeX Font Info:    Checking defaults for C37/song/m/n on input line 24.
LaTeX Font Info:    ... okay on input line 24.
LaTeX Font Info:    Checking defaults for C80/song/m/n on input line 24.
LaTeX Font Info:    ... okay on input line 24.
LaTeX Font Info:    Checking defaults for C81/song/m/n on input line 24.
LaTeX Font Info:    ... okay on input line 24.
LaTeX Font Info:    Checking defaults for C01/song/m/n on input line 24.
LaTeX Font Info:    ... okay on input line 24.
LaTeX Font Info:    Checking defaults for C11/song/m/n on input line 24.
LaTeX Font Info:    ... okay on input line 24.
LaTeX Font Info:    Checking defaults for C21/song/m/n on input line 24.
LaTeX Font Info:    ... okay on input line 24.
LaTeX Font Info:    Checking defaults for C41/song/m/n on input line 24.
LaTeX Font Info:    ... okay on input line 24.
LaTeX Font Info:    Checking defaults for C62/song/m/n on input line 24.
LaTeX Font Info:    ... okay on input line 24.
 ABD: EverySelectfont initializing macros
LaTeX Info: Redefining \selectfont on input line 24.
 (D:\Latex\tex/generic/ctex/zhmap\ctex-zhmap-windows.tex
File: ctex-zhmap-windows.tex 2020/06/06 v2.5.3 Windows font map loader for pdfTeX and DVIPDFMx (CTEX)
{C:/Users/13701/AppData/Local/MiKTeX/pdftex/config/pdftex.map}{UGBK.sfd}{Unicode.sfd}) [1

]

LaTeX Font Warning: Font shape `OMX/cmex/m/n' in size <10.53937> not available
(Font)              size <10.95> substituted on input line 37.


Underfull \hbox (badness 10000) in paragraph at lines 51--52

 []


Underfull \hbox (badness 10000) in paragraph at lines 57--58

 []

LaTeX Font Info:    Trying to load font information for OMS+cmr on input line 66.
(D:\Latex\tex/latex/base\omscmr.fd
File: omscmr.fd 2019/12/16 v2.5j Standard LaTeX font definitions
)
LaTeX Font Info:    Font shape `OMS/cmr/m/n' in size <10.53937> not available
(Font)              Font shape `OMS/cmsy/m/n' tried instead on input line 66.
 [2] ("d:/Yan\PHD PROGRAM\Class\Fall 2020\Try_LaTex\L1_Basic setup\LaTex_Basic_setup.aux")

LaTeX Font Warning: Size substitutions with differences
(Font)              up to 0.41063pt have occurred.

 ) 
Here is how much of TeX's memory you used:
 4519 strings out of 481212
 80075 string characters out of 2922749
 324592 words of memory out of 3000000
 20001 multiletter control sequences out of 15000+200000
 541000 words of font info for 50 fonts, out of 3000000 for 9000
 1141 hyphenation exceptions out of 8191
 49i,8n,53p,547b,201s stack positions out of 5000i,500n,10000p,200000b,50000s
<D:/Latex/fonts/type1/public/amsfonts/cm/cmbx10.pfb><D:/Latex/fonts/type1/public/amsfonts/cm/cmmi10.pfb><D:/Latex/fonts/type1/public/amsfonts/cm/cmmi7.pfb><D:/Latex/fonts/type1/public/amsfonts/cm/cmr10.pfb><D:/Latex/fonts/type1/public/amsfonts/cm/cmr12.pfb><D:/Latex/fonts/type1/public/amsfonts/cm/cmr17.pfb><D:/Latex/fonts/type1/public/amsfonts/cm/cmr7.pfb><D:/Latex/fonts/type1/public/amsfonts/cm/cmsy10.pfb><D:/Latex/fonts/type1/public/amsfonts/cm/cmsy7.pfb>
Output written on "d:/Yan\PHD PROGRAM\Class\Fall 2020\Try_LaTex\L1_Basic setup\LaTex_Basic_setup.pdf" (2 pages, 90844 bytes).
PDF statistics:
 45 PDF objects out of 1000 (max. 8388607)
 0 named destinations out of 1000 (max. 500000)
 1 words of extra memory for PDF output out of 10000 (max. 10000000)

