This is pdfTeX, Version 3.14159265-2.6-1.40.21 (MiKTeX 20.7) (preloaded format=pdflatex 2020.8.27)  29 AUG 2020 22:27
entering extended mode
**"d:/Yan/PHD PROGRAM/Class/Fall 2020/Try_LaTex/901_game_theory/Lecture Notes/Econ901_Game_Theory_Notes.tex"
("d:/Yan/PHD PROGRAM/Class/Fall 2020/Try_LaTex/901_game_theory/Lecture Notes/Econ901_Game_Theory_Notes.tex"
LaTeX2e <2020-02-02> patch level 5
L3 programming layer <2020-08-07> (D:\Latex\tex/latex/base\article.cls
Document Class: article 2019/12/20 v1.4l Standard LaTeX document class
(D:\Latex\tex/latex/base\size12.clo
File: size12.clo 2019/12/20 v1.4l Standard LaTeX file (size option)
)
\c@part=\count168
\c@section=\count169
\c@subsection=\count170
\c@subsubsection=\count171
\c@paragraph=\count172
\c@subparagraph=\count173
\c@figure=\count174
\c@table=\count175
\abovecaptionskip=\skip47
\belowcaptionskip=\skip48
\bibindent=\dimen134
) (D:\Latex\tex/latex/amsmath\amsmath.sty
Package: amsmath 2020/01/20 v2.17e AMS math features
\@mathmargin=\skip49

For additional information on amsmath, use the `?' option.
(D:\Latex\tex/latex/amsmath\amstext.sty
Package: amstext 2000/06/29 v2.01 AMS text
 (D:\Latex\tex/latex/amsmath\amsgen.sty
File: amsgen.sty 1999/11/30 v2.0 generic functions
\@emptytoks=\toks15
\ex@=\dimen135
)) (D:\Latex\tex/latex/amsmath\amsbsy.sty
Package: amsbsy 1999/11/29 v1.2d Bold Symbols
\pmbraise@=\dimen136
) (D:\Latex\tex/latex/amsmath\amsopn.sty
Package: amsopn 2016/03/08 v2.02 operator names
)
\inf@bad=\count176
LaTeX Info: Redefining \frac on input line 227.
\uproot@=\count177
\leftroot@=\count178
LaTeX Info: Redefining \overline on input line 389.
\classnum@=\count179
\DOTSCASE@=\count180
LaTeX Info: Redefining \ldots on input line 486.
LaTeX Info: Redefining \dots on input line 489.
LaTeX Info: Redefining \cdots on input line 610.
\Mathstrutbox@=\box45
\strutbox@=\box46
\big@size=\dimen137
LaTeX Font Info:    Redeclaring font encoding OML on input line 733.
LaTeX Font Info:    Redeclaring font encoding OMS on input line 734.
\macc@depth=\count181
\c@MaxMatrixCols=\count182
\dotsspace@=\muskip16
\c@parentequation=\count183
\dspbrk@lvl=\count184
\tag@help=\toks16
\row@=\count185
\column@=\count186
\maxfields@=\count187
\andhelp@=\toks17
\eqnshift@=\dimen138
\alignsep@=\dimen139
\tagshift@=\dimen140
\tagwidth@=\dimen141
\totwidth@=\dimen142
\lineht@=\dimen143
\@envbody=\toks18
\multlinegap=\skip50
\multlinetaggap=\skip51
\mathdisplay@stack=\toks19
LaTeX Info: Redefining \[ on input line 2859.
LaTeX Info: Redefining \] on input line 2860.
) (D:\Latex\tex/latex/tools\indentfirst.sty
Package: indentfirst 1995/11/23 v1.03 Indent first paragraph (DPC)
) (D:\Latex\tex/latex/graphics\graphicx.sty
Package: graphicx 2019/11/30 v1.2a Enhanced LaTeX Graphics (DPC,SPQR)
 (D:\Latex\tex/latex/graphics\keyval.sty
Package: keyval 2014/10/28 v1.15 key=value parser (DPC)
\KV@toks@=\toks20
) (D:\Latex\tex/latex/graphics\graphics.sty
Package: graphics 2019/11/30 v1.4a Standard LaTeX Graphics (DPC,SPQR)
 (D:\Latex\tex/latex/graphics\trig.sty
Package: trig 2016/01/03 v1.10 sin cos tan (DPC)
) (D:\Latex\tex/latex/graphics-cfg\graphics.cfg
File: graphics.cfg 2016/06/04 v1.11 sample graphics configuration
)
Package graphics Info: Driver file: pdftex.def on input line 105.
 (D:\Latex\tex/latex/graphics-def\pdftex.def
File: pdftex.def 2018/01/08 v1.0l Graphics/color driver for pdftex
))
\Gin@req@height=\dimen144
\Gin@req@width=\dimen145
) (D:\Latex\tex/latex/setspace\setspace.sty
Package: setspace 2011/12/19 v6.7a set line spacing
) (D:\Latex\tex/latex/l3backend\l3backend-pdfmode.def
File: l3backend-pdfmode.def 2020-08-07 L3 backend support: PDF mode
\l__kernel_color_stack_int=\count188
\l__pdf_internal_box=\box47
) ("d:/Yan\PHD PROGRAM\Class\Fall 2020\Try_LaTex\901_game_theory\Lecture Notes\Econ901_Game_Theory_Notes.aux")
\openout1 = `Econ901_Game_Theory_Notes.aux'.

LaTeX Font Info:    Checking defaults for OML/cmm/m/it on input line 39.
LaTeX Font Info:    ... okay on input line 39.
LaTeX Font Info:    Checking defaults for OMS/cmsy/m/n on input line 39.
LaTeX Font Info:    ... okay on input line 39.
LaTeX Font Info:    Checking defaults for OT1/cmr/m/n on input line 39.
LaTeX Font Info:    ... okay on input line 39.
LaTeX Font Info:    Checking defaults for T1/cmr/m/n on input line 39.
LaTeX Font Info:    ... okay on input line 39.
LaTeX Font Info:    Checking defaults for TS1/cmr/m/n on input line 39.
LaTeX Font Info:    ... okay on input line 39.
LaTeX Font Info:    Checking defaults for OMX/cmex/m/n on input line 39.
LaTeX Font Info:    ... okay on input line 39.
LaTeX Font Info:    Checking defaults for U/cmr/m/n on input line 39.
LaTeX Font Info:    ... okay on input line 39.
 (D:\Latex\tex/context/base/mkii\supp-pdf.mkii
[Loading MPS to PDF converter (version 2006.09.02).]
\scratchcounter=\count189
\scratchdimen=\dimen146
\scratchbox=\box48
\nofMPsegments=\count190
\nofMParguments=\count191
\everyMPshowfont=\toks21
\MPscratchCnt=\count192
\MPscratchDim=\dimen147
\MPnumerator=\count193
\makeMPintoPDFobject=\count194
\everyMPtoPDFconversion=\toks22
) (D:\Latex\tex/latex/epstopdf-pkg\epstopdf-base.sty
Package: epstopdf-base 2020-01-24 v2.11 Base part for package epstopdf
Package epstopdf-base Info: Redefining graphics rule for `.eps' on input line 485.
) [1

{C:/Users/13701/AppData/Local/MiKTeX/pdftex/config/pdftex.map}]
Underfull \hbox (badness 10000) in paragraph at lines 52--54

 []


Underfull \hbox (badness 10000) in paragraph at lines 55--57

 []


Underfull \hbox (badness 10000) in paragraph at lines 65--67

 []

[2]
<pic/lecture1/four_types_games.png, id=12, 644.1666pt x 97.3236pt>
File: pic/lecture1/four_types_games.png Graphic file (type png)
<use pic/lecture1/four_types_games.png>
Package pdftex.def Info: pic/lecture1/four_types_games.png  used on input line 91.
(pdftex.def)             Requested size: 322.0825pt x 48.66167pt.
 [3 <d:/Yan/PHD PROGRAM/Class/Fall 2020/Try_LaTex/901_game_theory/Lecture Notes/pic/lecture1/four_types_games.png>]
Underfull \hbox (badness 10000) in paragraph at lines 103--104

 []

[4]
Underfull \hbox (badness 10000) in paragraph at lines 132--133

 []

[5]
Underfull \hbox (badness 10000) in paragraph at lines 148--149

 []


Underfull \hbox (badness 10000) in paragraph at lines 151--153

 []


Underfull \hbox (badness 10000) in paragraph at lines 157--158

 []


Underfull \hbox (badness 10000) in paragraph at lines 159--162

 []


Underfull \hbox (badness 10000) in paragraph at lines 163--164

 []

[6] [7]
<pic/lecture2/basic_prisoner_initial.png, id=36, 644.1666pt x 97.3236pt>
File: pic/lecture2/basic_prisoner_initial.png Graphic file (type png)
<use pic/lecture2/basic_prisoner_initial.png>
Package pdftex.def Info: pic/lecture2/basic_prisoner_initial.png  used on input line 198.
(pdftex.def)             Requested size: 322.0825pt x 48.66167pt.
<pic/lecture2/basic_prisoner_dilemma.png, id=37, 644.1666pt x 126.2316pt>
File: pic/lecture2/basic_prisoner_dilemma.png Graphic file (type png)
<use pic/lecture2/basic_prisoner_dilemma.png>
Package pdftex.def Info: pic/lecture2/basic_prisoner_dilemma.png  used on input line 205.
(pdftex.def)             Requested size: 322.0825pt x 63.11563pt.

Overfull \hbox (30.49504pt too wide) in paragraph at lines 215--217
[]\OT1/cmr/m/n/12 So, what-ever C choose, R will choose $\OML/cmm/m/it/12 R[]$\OT1/cmr/m/n/12 . Then, we call $\OML/cmm/m/it/12 R[]$ \OT1/cmr/m/n/12 is a $[]$
 []


Underfull \hbox (badness 10000) in paragraph at lines 215--217

 []


Underfull \hbox (badness 10000) in paragraph at lines 220--221

 []

[8 <d:/Yan/PHD PROGRAM/Class/Fall 2020/Try_LaTex/901_game_theory/Lecture Notes/pic/lecture2/basic_prisoner_initial.png> <d:/Yan/PHD PROGRAM/Class/Fall 2020/Try_LaTex/901_game_theory/Lecture Notes/pic/lecture2/basic_prisoner_dilemma.png>]
Underfull \hbox (badness 10000) in paragraph at lines 230--232

 []

[9]
Underfull \hbox (badness 10000) in paragraph at lines 246--249

 []


Underfull \hbox (badness 10000) in paragraph at lines 256--258

 []

[10] [11]
<pic/lecture3/iterated_elimination_initial.png, id=52, 644.1666pt x 126.2316pt>
File: pic/lecture3/iterated_elimination_initial.png Graphic file (type png)
<use pic/lecture3/iterated_elimination_initial.png>
Package pdftex.def Info: pic/lecture3/iterated_elimination_initial.png  used on input line 281.
(pdftex.def)             Requested size: 322.0825pt x 63.11563pt.
<pic/lecture3/IE_R1_rule_out.png, id=53, 644.1666pt x 96.8418pt>
File: pic/lecture3/IE_R1_rule_out.png Graphic file (type png)
<use pic/lecture3/IE_R1_rule_out.png>
Package pdftex.def Info: pic/lecture3/IE_R1_rule_out.png  used on input line 289.
(pdftex.def)             Requested size: 322.0825pt x 48.42076pt.

Overfull \hbox (56.42941pt too wide) in paragraph at lines 292--297
\OT1/cmr/m/n/12 Then, in the re-vised game, we see, for player C, $[]$. 
 []


Underfull \hbox (badness 10000) in paragraph at lines 292--297

 []

<pic/lecture3/IE_R1_C2_rule_out.png, id=54, 644.1666pt x 96.8418pt>
File: pic/lecture3/IE_R1_C2_rule_out.png Graphic file (type png)
<use pic/lecture3/IE_R1_C2_rule_out.png>
Package pdftex.def Info: pic/lecture3/IE_R1_C2_rule_out.png  used on input line 301.
(pdftex.def)             Requested size: 322.0825pt x 48.42076pt.

Underfull \hbox (badness 10000) in paragraph at lines 304--307

 []

[12 <d:/Yan/PHD PROGRAM/Class/Fall 2020/Try_LaTex/901_game_theory/Lecture Notes/pic/lecture3/iterated_elimination_initial.png> <d:/Yan/PHD PROGRAM/Class/Fall 2020/Try_LaTex/901_game_theory/Lecture Notes/pic/lecture3/IE_R1_rule_out.png>]
Underfull \hbox (badness 10000) in paragraph at lines 308--314

 []


Underfull \hbox (badness 10000) in paragraph at lines 315--317

 []

[13 <d:/Yan/PHD PROGRAM/Class/Fall 2020/Try_LaTex/901_game_theory/Lecture Notes/pic/lecture3/IE_R1_C2_rule_out.png>]
<pic/lecture3/best_response_game_initial.png, id=66, 644.1666pt x 126.2316pt>
File: pic/lecture3/best_response_game_initial.png Graphic file (type png)
<use pic/lecture3/best_response_game_initial.png>
Package pdftex.def Info: pic/lecture3/best_response_game_initial.png  used on input line 331.
(pdftex.def)             Requested size: 322.0825pt x 63.11563pt.

Overfull \hbox (1.83983pt too wide) in paragraph at lines 334--337
\OT1/cmr/m/n/12 dom-i-nated by the oth-ers. Let's think about the $[]$. \OT1/cmr/bx/n/12 DEF:
 []


Underfull \hbox (badness 10000) in paragraph at lines 334--337

 []


Underfull \hbox (badness 10000) in paragraph at lines 340--343

 []


Underfull \hbox (badness 10000) in paragraph at lines 346--349

 []

<pic/lecture3/BR_circled.png, id=67, 644.1666pt x 260.172pt>
File: pic/lecture3/BR_circled.png Graphic file (type png)
<use pic/lecture3/BR_circled.png>
Package pdftex.def Info: pic/lecture3/BR_circled.png  used on input line 351.
(pdftex.def)             Requested size: 322.0825pt x 130.08566pt.
[14 <d:/Yan/PHD PROGRAM/Class/Fall 2020/Try_LaTex/901_game_theory/Lecture Notes/pic/lecture3/best_response_game_initial.png>]
Overfull \hbox (38.66133pt too wide) in paragraph at lines 354--357
\OMS/cmsy/m/n/12 f\OML/cmm/m/it/12 R[]; C[]\OMS/cmsy/m/n/12 g$ \OT1/cmr/m/n/12 is the only com-bi-na-tion of strate-gies for which each player is $[]$
 []


Underfull \hbox (badness 10000) in paragraph at lines 373--376

 []

[15 <d:/Yan/PHD PROGRAM/Class/Fall 2020/Try_LaTex/901_game_theory/Lecture Notes/pic/lecture3/BR_circled.png>]
Underfull \hbox (badness 10000) in paragraph at lines 384--385

 []


Underfull \hbox (badness 10000) in paragraph at lines 392--395

 []

<pic/lecture3/game_need_prob.png, id=77, 644.1666pt x 222.1098pt>
File: pic/lecture3/game_need_prob.png Graphic file (type png)
<use pic/lecture3/game_need_prob.png>
Package pdftex.def Info: pic/lecture3/game_need_prob.png  used on input line 407.
(pdftex.def)             Requested size: 322.0825pt x 111.05463pt.
[16] [17 <d:/Yan/PHD PROGRAM/Class/Fall 2020/Try_LaTex/901_game_theory/Lecture Notes/pic/lecture3/game_need_prob.png>] ("d:/Yan\PHD PROGRAM\Class\Fall 2020\Try_LaTex\901_game_theory\Lecture Notes\Econ901_Game_Theory_Notes.aux") ) 
Here is how much of TeX's memory you used:
 1896 strings out of 481212
 26801 string characters out of 2922749
 267109 words of memory out of 3000000
 17483 multiletter control sequences out of 15000+200000
 542339 words of font info for 54 fonts, out of 3000000 for 9000
 1141 hyphenation exceptions out of 8191
 36i,14n,33p,322b,256s stack positions out of 5000i,500n,10000p,200000b,50000s
{D:/Latex/fonts/enc/dvips/cm-super/cm-super-ts1.enc}<D:/Latex/fonts/type1/public/amsfonts/cm/cmbx12.pfb><D:/Latex/fonts/type1/public/amsfonts/cm/cmex10.pfb><D:/Latex/fonts/type1/public/amsfonts/cmextra/cmex8.pfb><D:/Latex/fonts/type1/public/amsfonts/cm/cmmi12.pfb><D:/Latex/fonts/type1/public/amsfonts/cm/cmmi8.pfb><D:/Latex/fonts/type1/public/amsfonts/cm/cmr12.pfb><D:/Latex/fonts/type1/public/amsfonts/cm/cmr17.pfb><D:/Latex/fonts/type1/public/amsfonts/cm/cmr8.pfb><D:/Latex/fonts/type1/public/amsfonts/cm/cmsy10.pfb><D:/Latex/fonts/type1/public/amsfonts/cm/cmsy8.pfb><D:/Latex/fonts/type1/public/cm-super/sfrm1200.pfb>
Output written on "d:/Yan\PHD PROGRAM\Class\Fall 2020\Try_LaTex\901_game_theory\Lecture Notes\Econ901_Game_Theory_Notes.pdf" (17 pages, 240295 bytes).
PDF statistics:
 121 PDF objects out of 1000 (max. 8388607)
 0 named destinations out of 1000 (max. 500000)
 46 words of extra memory for PDF output out of 10000 (max. 10000000)

