This is pdfTeX, Version 3.14159265-2.6-1.40.21 (MiKTeX 20.7) (preloaded format=pdflatex 2020.8.27)  30 AUG 2020 17:36
entering extended mode
**"d:/Yan/PHD PROGRAM/Class/Fall 2020/Try_LaTex/901_game_theory/PS1/PS1.tex"
("d:/Yan/PHD PROGRAM/Class/Fall 2020/Try_LaTex/901_game_theory/PS1/PS1.tex"
LaTeX2e <2020-02-02> patch level 5
L3 programming layer <2020-08-07> (D:\Latex\tex/latex/base\article.cls
Document Class: article 2019/12/20 v1.4l Standard LaTeX document class
(D:\Latex\tex/latex/base\size12.clo
File: size12.clo 2019/12/20 v1.4l Standard LaTeX file (size option)
)
\c@part=\count168
\c@section=\count169
\c@subsection=\count170
\c@subsubsection=\count171
\c@paragraph=\count172
\c@subparagraph=\count173
\c@figure=\count174
\c@table=\count175
\abovecaptionskip=\skip47
\belowcaptionskip=\skip48
\bibindent=\dimen134
) (D:\Latex\tex/latex/amsmath\amsmath.sty
Package: amsmath 2020/01/20 v2.17e AMS math features
\@mathmargin=\skip49

For additional information on amsmath, use the `?' option.
(D:\Latex\tex/latex/amsmath\amstext.sty
Package: amstext 2000/06/29 v2.01 AMS text
 (D:\Latex\tex/latex/amsmath\amsgen.sty
File: amsgen.sty 1999/11/30 v2.0 generic functions
\@emptytoks=\toks15
\ex@=\dimen135
)) (D:\Latex\tex/latex/amsmath\amsbsy.sty
Package: amsbsy 1999/11/29 v1.2d Bold Symbols
\pmbraise@=\dimen136
) (D:\Latex\tex/latex/amsmath\amsopn.sty
Package: amsopn 2016/03/08 v2.02 operator names
)
\inf@bad=\count176
LaTeX Info: Redefining \frac on input line 227.
\uproot@=\count177
\leftroot@=\count178
LaTeX Info: Redefining \overline on input line 389.
\classnum@=\count179
\DOTSCASE@=\count180
LaTeX Info: Redefining \ldots on input line 486.
LaTeX Info: Redefining \dots on input line 489.
LaTeX Info: Redefining \cdots on input line 610.
\Mathstrutbox@=\box45
\strutbox@=\box46
\big@size=\dimen137
LaTeX Font Info:    Redeclaring font encoding OML on input line 733.
LaTeX Font Info:    Redeclaring font encoding OMS on input line 734.
\macc@depth=\count181
\c@MaxMatrixCols=\count182
\dotsspace@=\muskip16
\c@parentequation=\count183
\dspbrk@lvl=\count184
\tag@help=\toks16
\row@=\count185
\column@=\count186
\maxfields@=\count187
\andhelp@=\toks17
\eqnshift@=\dimen138
\alignsep@=\dimen139
\tagshift@=\dimen140
\tagwidth@=\dimen141
\totwidth@=\dimen142
\lineht@=\dimen143
\@envbody=\toks18
\multlinegap=\skip50
\multlinetaggap=\skip51
\mathdisplay@stack=\toks19
LaTeX Info: Redefining \[ on input line 2859.
LaTeX Info: Redefining \] on input line 2860.
) (D:\Latex\tex/latex/tools\indentfirst.sty
Package: indentfirst 1995/11/23 v1.03 Indent first paragraph (DPC)
) (D:\Latex\tex/latex/graphics\graphicx.sty
Package: graphicx 2019/11/30 v1.2a Enhanced LaTeX Graphics (DPC,SPQR)
 (D:\Latex\tex/latex/graphics\keyval.sty
Package: keyval 2014/10/28 v1.15 key=value parser (DPC)
\KV@toks@=\toks20
) (D:\Latex\tex/latex/graphics\graphics.sty
Package: graphics 2019/11/30 v1.4a Standard LaTeX Graphics (DPC,SPQR)
 (D:\Latex\tex/latex/graphics\trig.sty
Package: trig 2016/01/03 v1.10 sin cos tan (DPC)
) (D:\Latex\tex/latex/graphics-cfg\graphics.cfg
File: graphics.cfg 2016/06/04 v1.11 sample graphics configuration
)
Package graphics Info: Driver file: pdftex.def on input line 105.
 (D:\Latex\tex/latex/graphics-def\pdftex.def
File: pdftex.def 2018/01/08 v1.0l Graphics/color driver for pdftex
))
\Gin@req@height=\dimen144
\Gin@req@width=\dimen145
) (D:\Latex\tex/latex/setspace\setspace.sty
Package: setspace 2011/12/19 v6.7a set line spacing
) (D:\Latex\tex/latex/l3backend\l3backend-pdfmode.def
File: l3backend-pdfmode.def 2020-08-07 L3 backend support: PDF mode
\l__kernel_color_stack_int=\count188
\l__pdf_internal_box=\box47
) ("d:/Yan\PHD PROGRAM\Class\Fall 2020\Try_LaTex\901_game_theory\PS1\PS1.aux")
\openout1 = `PS1.aux'.

LaTeX Font Info:    Checking defaults for OML/cmm/m/it on input line 41.
LaTeX Font Info:    ... okay on input line 41.
LaTeX Font Info:    Checking defaults for OMS/cmsy/m/n on input line 41.
LaTeX Font Info:    ... okay on input line 41.
LaTeX Font Info:    Checking defaults for OT1/cmr/m/n on input line 41.
LaTeX Font Info:    ... okay on input line 41.
LaTeX Font Info:    Checking defaults for T1/cmr/m/n on input line 41.
LaTeX Font Info:    ... okay on input line 41.
LaTeX Font Info:    Checking defaults for TS1/cmr/m/n on input line 41.
LaTeX Font Info:    ... okay on input line 41.
LaTeX Font Info:    Checking defaults for OMX/cmex/m/n on input line 41.
LaTeX Font Info:    ... okay on input line 41.
LaTeX Font Info:    Checking defaults for U/cmr/m/n on input line 41.
LaTeX Font Info:    ... okay on input line 41.
 (D:\Latex\tex/context/base/mkii\supp-pdf.mkii
[Loading MPS to PDF converter (version 2006.09.02).]
\scratchcounter=\count189
\scratchdimen=\dimen146
\scratchbox=\box48
\nofMPsegments=\count190
\nofMParguments=\count191
\everyMPshowfont=\toks21
\MPscratchCnt=\count192
\MPscratchDim=\dimen147
\MPnumerator=\count193
\makeMPintoPDFobject=\count194
\everyMPtoPDFconversion=\toks22
) (D:\Latex\tex/latex/epstopdf-pkg\epstopdf-base.sty
Package: epstopdf-base 2020-01-24 v2.11 Base part for package epstopdf
Package epstopdf-base Info: Redefining graphics rule for `.eps' on input line 485.
) [1

{C:/Users/13701/AppData/Local/MiKTeX/pdftex/config/pdftex.map}]
Underfull \hbox (badness 10000) in paragraph at lines 56--58

 []

[2] [3] [4] [5] [6] [7]
<pic/question_2.png, id=33, 644.1666pt x 126.2316pt>
File: pic/question_2.png Graphic file (type png)
<use pic/question_2.png>
Package pdftex.def Info: pic/question_2.png  used on input line 209.
(pdftex.def)             Requested size: 322.0825pt x 63.11563pt.
 [8 <d:/Yan/PHD PROGRAM/Class/Fall 2020/Try_LaTex/901_game_theory/PS1/pic/question_2.png>]
Underfull \hbox (badness 10000) in paragraph at lines 223--224

 []


Underfull \hbox (badness 10000) in paragraph at lines 225--226

 []

<pic/remove_D_first.png, id=38, 644.1666pt x 126.2316pt>
File: pic/remove_D_first.png Graphic file (type png)
<use pic/remove_D_first.png>
Package pdftex.def Info: pic/remove_D_first.png  used on input line 228.
(pdftex.def)             Requested size: 322.0825pt x 63.11563pt.
<pic/remove_D_then_R.png, id=39, 387.3672pt x 96.8418pt>
File: pic/remove_D_then_R.png Graphic file (type png)
<use pic/remove_D_then_R.png>
Package pdftex.def Info: pic/remove_D_then_R.png  used on input line 236.
(pdftex.def)             Requested size: 193.68312pt x 48.42076pt.

Underfull \hbox (badness 10000) in paragraph at lines 239--242

 []

[9 <d:/Yan/PHD PROGRAM/Class/Fall 2020/Try_LaTex/901_game_theory/PS1/pic/remove_D_first.png> <d:/Yan/PHD PROGRAM/Class/Fall 2020/Try_LaTex/901_game_theory/PS1/pic/remove_D_then_R.png>]
<pic/remove_D_then_M.png, id=45, 387.3672pt x 97.3236pt>
File: pic/remove_D_then_M.png Graphic file (type png)
<use pic/remove_D_then_M.png>
Package pdftex.def Info: pic/remove_D_then_M.png  used on input line 246.
(pdftex.def)             Requested size: 193.68312pt x 48.66167pt.

Underfull \hbox (badness 10000) in paragraph at lines 249--251

 []


Underfull \hbox (badness 10000) in paragraph at lines 253--254

 []

<pic/remove_R_first.png, id=46, 644.1666pt x 155.6214pt>
File: pic/remove_R_first.png Graphic file (type png)
<use pic/remove_R_first.png>
Package pdftex.def Info: pic/remove_R_first.png  used on input line 256.
(pdftex.def)             Requested size: 322.0825pt x 77.8105pt.

Underfull \hbox (badness 10000) in paragraph at lines 259--261

 []

<pic/outcome_reomve_R.png, id=47, 644.1666pt x 269.3262pt>
File: pic/outcome_reomve_R.png Graphic file (type png)
<use pic/outcome_reomve_R.png>
Package pdftex.def Info: pic/outcome_reomve_R.png  used on input line 263.
(pdftex.def)             Requested size: 322.0825pt x 134.66277pt.
[10 <d:/Yan/PHD PROGRAM/Class/Fall 2020/Try_LaTex/901_game_theory/PS1/pic/remove_D_then_M.png> <d:/Yan/PHD PROGRAM/Class/Fall 2020/Try_LaTex/901_game_theory/PS1/pic/remove_R_first.png> <d:/Yan/PHD PROGRAM/Class/Fall 2020/Try_LaTex/901_game_theory/PS1/pic/outcome_reomve_R.png>]
<pic/unclear_remove.png, id=55, 644.1666pt x 126.2316pt>
File: pic/unclear_remove.png Graphic file (type png)
<use pic/unclear_remove.png>
Package pdftex.def Info: pic/unclear_remove.png  used on input line 277.
(pdftex.def)             Requested size: 322.0825pt x 63.11563pt.
File: pic/unclear_remove.png Graphic file (type png)
<use pic/unclear_remove.png>
Package pdftex.def Info: pic/unclear_remove.png  used on input line 277.
(pdftex.def)             Requested size: 322.0825pt x 63.11563pt.
<pic/2by2_game.png, id=56, 387.3672pt x 96.8418pt>
File: pic/2by2_game.png Graphic file (type png)
<use pic/2by2_game.png>
Package pdftex.def Info: pic/2by2_game.png  used on input line 290.
(pdftex.def)             Requested size: 193.68312pt x 48.42076pt.

Underfull \hbox (badness 10000) in paragraph at lines 293--295

 []

[11 <d:/Yan/PHD PROGRAM/Class/Fall 2020/Try_LaTex/901_game_theory/PS1/pic/unclear_remove.png> <d:/Yan/PHD PROGRAM/Class/Fall 2020/Try_LaTex/901_game_theory/PS1/pic/2by2_game.png>] [12] ("d:/Yan\PHD PROGRAM\Class\Fall 2020\Try_LaTex\901_game_theory\PS1\PS1.aux") ) 
Here is how much of TeX's memory you used:
 1883 strings out of 481212
 25530 string characters out of 2922749
 270042 words of memory out of 3000000
 17476 multiletter control sequences out of 15000+200000
 541381 words of font info for 51 fonts, out of 3000000 for 9000
 1141 hyphenation exceptions out of 8191
 36i,12n,33p,290b,295s stack positions out of 5000i,500n,10000p,200000b,50000s
<D:/Latex/fonts/type1/public/amsfonts/cm/cmbx12.pfb><D:/Latex/fonts/type1/public/amsfonts/cm/cmex10.pfb><D:/Latex/fonts/type1/public/amsfonts/cm/cmmi12.pfb><D:/Latex/fonts/type1/public/amsfonts/cm/cmmi8.pfb><D:/Latex/fonts/type1/public/amsfonts/cm/cmr12.pfb><D:/Latex/fonts/type1/public/amsfonts/cm/cmr17.pfb><D:/Latex/fonts/type1/public/amsfonts/cm/cmr8.pfb><D:/Latex/fonts/type1/public/amsfonts/cm/cmsy10.pfb><D:/Latex/fonts/type1/public/amsfonts/cm/cmsy8.pfb>
Output written on "d:/Yan\PHD PROGRAM\Class\Fall 2020\Try_LaTex\901_game_theory\PS1\PS1.pdf" (12 pages, 180524 bytes).
PDF statistics:
 94 PDF objects out of 1000 (max. 8388607)
 0 named destinations out of 1000 (max. 500000)
 41 words of extra memory for PDF output out of 10000 (max. 10000000)

